Arguments: 
  C:\Users\ASUS\Desktop\Y3S2_SPM_Timetable_Project_Express_Backend\node_modules\node\bin\node.exe C:\Program Files (x86)\Yarn\bin\yarn.js install

PATH: 
  C:\Users\ASUS\Desktop\Y3S2_SPM_Timetable_Project_Express_Backend\node_modules\.bin;C:\oraclexe\app\oracle\product\11.2.0\server\bin;C:\Python27\;C:\Python27\Scripts;C:\oraclexe\app\oracle\product\11.2.0\server\bin;C:\Python27\;C:\Python27\Scripts;C:\oraclexe\app\oracle\product\11.2.0\server\bin;C:\Python27\;C:\Python27\Scripts;C:\WINDOWS\System32;C:\Users\ASUS\Downloads\java-1.8.0-openjdk-1.8.0.222-4.b10.redhat.windows.x86_64\bin;C:\xampp\php;C:\ProgramData\ComposerSetup\bin;C:\Program Files\RedHat\java-1.8.0-openjdk-1.8.0.232-3\bin;C:\Program Files\RedHat\java-1.8.0-openjdk-1.8.0.232-3\jre\bin;C:\Program Files\dotnet\;C:\Program Files\Microsoft SQL Server\130\Tools\Binn\;C:\Program Files\Microsoft SQL Server\Client SDK\ODBC\170\Tools\Binn\;C:\Windows\System32;C:\flutter_sdk\flutter\bin;C:\ProgramData\chocolatey\bin;C:\kube;C:\Program Files\nodejs\;C:\Program Files\TortoiseGit\bin;C:\WINDOWS\system32;C:\WINDOWS;C:\WINDOWS\System32\Wbem;C:\WINDOWS\System32\WindowsPowerShell\v1.0\;C:\WINDOWS\System32\OpenSSH\;C:\Program Files\Microsoft SQL Server\Client SDK\ODBC\130\Tools\Binn\;C:\Program Files (x86)\Microsoft SQL Server\140\Tools\Binn\;C:\Program Files\Microsoft SQL Server\140\Tools\Binn\;C:\Program Files\Microsoft SQL Server\140\DTS\Binn\;C:\Program Files (x86)\Microsoft SQL Server\Client SDK\ODBC\130\Tools\Binn\;C:\Program Files (x86)\Microsoft SQL Server\140\DTS\Binn\;C:\Program Files (x86)\Microsoft SQL Server\140\Tools\Binn\ManagementStudio\;C:\Program Files (x86)\dotnet\;C:\Program Files\TortoiseSVN\bin;C:\Program Files\Git\cmd;C:\Program Files (x86)\Yarn\bin\;C:\Users\ASUS\Downloads\java-1.8.0-openjdk-1.8.0.222-4.b10.redhat.windows.x86_64\bin;C:\xampp\php;C:\ProgramData\ComposerSetup\bin;C:\Program Files\RedHat\java-1.8.0-openjdk-1.8.0.232-3\bin;C:\Program Files\RedHat\java-1.8.0-openjdk-1.8.0.232-3\jre\bin;C:\Program Files\dotnet\;C:\Program Files\Microsoft SQL Server\130\Tools\Binn\;C:\Program Files\Microsoft SQL Server\Client SDK\ODBC\170\Tools\Binn\;C:\Windows\System32;C:\flutter_sdk\flutter\bin;C:\ProgramData\chocolatey\bin;C:\kube;C:\Program Files\nodejs\;C:\Program Files\TortoiseGit\bin;C:\WINDOWS\system32;C:\WINDOWS;C:\WINDOWS\System32\Wbem;C:\WINDOWS\System32\WindowsPowerShell\v1.0\;C:\WINDOWS\System32\OpenSSH\;C:\Program Files\Microsoft SQL Server\Client SDK\ODBC\130\Tools\Binn\;C:\Program Files (x86)\Microsoft SQL Server\140\Tools\Binn\;C:\Program Files\Microsoft SQL Server\140\Tools\Binn\;C:\Program Files\Microsoft SQL Server\140\DTS\Binn\;C:\Program Files (x86)\Microsoft SQL Server\Client SDK\ODBC\130\Tools\Binn\;C:\Program Files (x86)\Microsoft SQL Server\140\DTS\Binn\;C:\Program Files (x86)\Microsoft SQL Server\140\Tools\Binn\ManagementStudio\;C:\Program Files (x86)\dotnet\;C:\Program Files\TortoiseSVN\bin;C:\Program Files\Git\cmd;C:\Program Files (x86)\Yarn\bin\;C:\Users\ASUS\Downloads\java-1.8.0-openjdk-1.8.0.222-4.b10.redhat.windows.x86_64\bin;C:\xampp\php;C:\ProgramData\ComposerSetup\bin;C:\Program Files\RedHat\java-1.8.0-openjdk-1.8.0.232-3\bin;C:\Program Files\RedHat\java-1.8.0-openjdk-1.8.0.232-3\jre\bin;C:\Program Files\dotnet\;C:\Program Files\Microsoft SQL Server\130\Tools\Binn\;C:\Program Files\Microsoft SQL Server\Client SDK\ODBC\170\Tools\Binn\;C:\Windows\System32;C:\flutter_sdk\flutter\bin;C:\ProgramData\chocolatey\bin;C:\kube;C:\Program Files\nodejs\;C:\Program Files\TortoiseGit\bin;C:\WINDOWS\system32;C:\WINDOWS;C:\WINDOWS\System32\Wbem;C:\WINDOWS\System32\WindowsPowerShell\v1.0\;C:\WINDOWS\System32\OpenSSH\;C:\Program Files\Microsoft SQL Server\Client SDK\ODBC\130\Tools\Binn\;C:\Program Files (x86)\Microsoft SQL Server\140\Tools\Binn\;C:\Program Files\Microsoft SQL Server\140\Tools\Binn\;C:\Program Files\Microsoft SQL Server\140\DTS\Binn\;C:\Program Files (x86)\Microsoft SQL Server\Client SDK\ODBC\130\Tools\Binn\;C:\Program Files (x86)\Microsoft SQL Server\140\DTS\Binn\;C:\Program Files (x86)\Microsoft SQL Server\140\Tools\Binn\ManagementStudio\;C:\Program Files (x86)\dotnet\;C:\Program Files\TortoiseSVN\bin;C:\Program Files\Git\cmd;C:\Program Files (x86)\Yarn\bin\;C:\Program Files\MySQL\MySQL Shell 8.0\bin\;C:\Users\ASUS\scoop\shims;C:\Users\ASUS\AppData\Local\Microsoft\WindowsApps;C:\Program Files\JetBrains\PhpStorm 2019.2\bin;;C:\Users\ASUS\AppData\Roaming\Composer\vendor\bin;C:\Users\ASUS\AppData\Local\Programs\Microsoft VS Code\bin;C:\xampp\php;C:\flutter_sdk\flutter\bin;C:\Program Files\Git\bin;C:\kube;C:\Users\ASUS\AppData\Roaming\npm;C:\Program Files\JetBrains\WebStorm 2019.3.3\bin;;C:\Users\ASUS\AppData\Local\Microsoft\WindowsApps;C:\Users\ASUS\.dotnet\tools;C:\Users\ASUS\AppData\Local\Yarn\bin;C:\Users\ASUS\.dotnet\tools

Yarn version: 
  1.22.4

Node version: 
  14.5.0

Platform: 
  win32 x64

Trace: 
  Error: EPERM: operation not permitted, unlink 'C:\Users\ASUS\Desktop\Y3S2_SPM_Timetable_Project_Express_Backend\node_modules\node\bin\node.exe'

npm manifest: 
  {
    "name": "express-rest-api",
    "version": "1.0.0",
    "description": "express-rest-api",
    "main": "index.js",
    "scripts": {
      "start": "node app.js",
      "test": "echo \"Error: no test specified\" && exit 1"
    },
    "repository": {
      "type": "git",
      "url": "git://github.com/Ayesh1998/Y3S2_SPM_Timetable_Backend"
    },
    "keywords": [],
    "author": "",
    "license": "ISC",
    "dependencies": {
      "body-parser": "^1.19.0",
      "cors": "^2.8.5",
      "dotenv": "^8.2.0",
      "express": "^4.17.1",
      "mongoose": "^5.9.27",
      "mongoose-auto-increment": "^5.0.1",
      "mongoose-unique-validator": "^2.0.3",
      "node": "^14.5.0",
      "nodemon": "^2.0.4"
    }
  }

yarn manifest: 
  No manifest

Lockfile: 
  No lockfile
